[debug] [2022-05-27T21:22:27.787Z] ----------------------------------------------------------------------
[debug] [2022-05-27T21:22:27.792Z] Command:       C:\Program Files (x86)\nodejs\node.exe C:\Users\user\AppData\Roaming\npm\node_modules\firebase-tools\lib\bin\firebase.js deploy
[debug] [2022-05-27T21:22:27.793Z] CLI Version:   11.0.1
[debug] [2022-05-27T21:22:27.793Z] Platform:      win32
[debug] [2022-05-27T21:22:27.793Z] Node Version:  v16.14.0
[debug] [2022-05-27T21:22:27.816Z] Time:          Sat May 28 2022 03:22:27 GMT+0600 (Bangladesh Standard Time)
[debug] [2022-05-27T21:22:27.817Z] ----------------------------------------------------------------------
[debug] 
[debug] [2022-05-27T21:22:27.969Z] > command requires scopes: ["email","openid","https://www.googleapis.com/auth/cloudplatformprojects.readonly","https://www.googleapis.com/auth/firebase","https://www.googleapis.com/auth/cloud-platform"]
[debug] [2022-05-27T21:22:27.970Z] > authorizing via signed-in user (mubarakchemistcu18@gmail.com)
[debug] [2022-05-27T21:22:27.970Z] [iam] checking project friends-forever-31234 for permissions ["firebase.projects.get","firebasehosting.sites.update"]
[debug] [2022-05-27T21:22:27.977Z] >>> [apiv2][query] POST https://cloudresourcemanager.googleapis.com/v1/projects/friends-forever-31234:testIamPermissions [none]
[debug] [2022-05-27T21:22:27.978Z] >>> [apiv2][body] POST https://cloudresourcemanager.googleapis.com/v1/projects/friends-forever-31234:testIamPermissions {"permissions":["firebase.projects.get","firebasehosting.sites.update"]}
[debug] [2022-05-27T21:22:29.444Z] <<< [apiv2][status] POST https://cloudresourcemanager.googleapis.com/v1/projects/friends-forever-31234:testIamPermissions 200
[debug] [2022-05-27T21:22:29.444Z] <<< [apiv2][body] POST https://cloudresourcemanager.googleapis.com/v1/projects/friends-forever-31234:testIamPermissions {"permissions":["firebase.projects.get","firebasehosting.sites.update"]}
[debug] [2022-05-27T21:22:29.446Z] >>> [apiv2][query] GET https://firebase.googleapis.com/v1beta1/projects/friends-forever-31234 [none]
[debug] [2022-05-27T21:22:30.210Z] <<< [apiv2][status] GET https://firebase.googleapis.com/v1beta1/projects/friends-forever-31234 200
[debug] [2022-05-27T21:22:30.210Z] <<< [apiv2][body] GET https://firebase.googleapis.com/v1beta1/projects/friends-forever-31234 {"projectId":"friends-forever-31234","projectNumber":"939985845335","displayName":"Friends-Forever","name":"projects/friends-forever-31234","resources":{"hostingSite":"friends-forever-31234"},"state":"DELETED"}
[info] 
[info] === Deploying to 'friends-forever-31234'...
[info] 
[info] i  deploying hosting 
[debug] [2022-05-27T21:22:30.223Z] >>> [apiv2][query] GET https://firebase.googleapis.com/v1beta1/projects/friends-forever-31234 [none]
[debug] [2022-05-27T21:22:31.088Z] <<< [apiv2][status] GET https://firebase.googleapis.com/v1beta1/projects/friends-forever-31234 200
[debug] [2022-05-27T21:22:31.089Z] <<< [apiv2][body] GET https://firebase.googleapis.com/v1beta1/projects/friends-forever-31234 {"projectId":"friends-forever-31234","projectNumber":"939985845335","displayName":"Friends-Forever","name":"projects/friends-forever-31234","resources":{"hostingSite":"friends-forever-31234"},"state":"DELETED"}
[debug] [2022-05-27T21:22:31.100Z] >>> [apiv2][query] POST https://firebasehosting.googleapis.com/v1beta1/projects/939985845335/sites/friends-forever-31234/versions [none]
[debug] [2022-05-27T21:22:31.100Z] >>> [apiv2][body] POST https://firebasehosting.googleapis.com/v1beta1/projects/939985845335/sites/friends-forever-31234/versions {"config":{"rewrites":[{"glob":"**","path":"/index.html"}]},"labels":{"deployment-tool":"cli-firebase"}}
[debug] [2022-05-27T21:22:32.748Z] <<< [apiv2][status] POST https://firebasehosting.googleapis.com/v1beta1/projects/939985845335/sites/friends-forever-31234/versions 500
[debug] [2022-05-27T21:22:32.748Z] <<< [apiv2][body] POST https://firebasehosting.googleapis.com/v1beta1/projects/939985845335/sites/friends-forever-31234/versions {"error":{"code":500,"message":"Internal error encountered.","status":"INTERNAL"}}
[error] 
[error] Error: HTTP Error: 500, Internal error encountered.
[debug] [2022-05-27T21:22:32.987Z] Error Context: {
  "body": {
    "error": {
      "code": 500,
      "message": "Internal error encountered.",
      "status": "INTERNAL"
    }
  },
  "response": {
    "statusCode": 500
  }
}
[debug] [2022-05-28T08:07:11.207Z] ----------------------------------------------------------------------
[debug] [2022-05-28T08:07:11.213Z] Command:       C:\Program Files (x86)\nodejs\node.exe C:\Users\user\AppData\Roaming\npm\node_modules\firebase-tools\lib\bin\firebase.js init
[debug] [2022-05-28T08:07:11.214Z] CLI Version:   11.0.1
[debug] [2022-05-28T08:07:11.214Z] Platform:      win32
[debug] [2022-05-28T08:07:11.214Z] Node Version:  v16.14.0
[debug] [2022-05-28T08:07:11.239Z] Time:          Sat May 28 2022 14:07:11 GMT+0600 (Bangladesh Standard Time)
[debug] [2022-05-28T08:07:11.240Z] ----------------------------------------------------------------------
[debug] 
[debug] [2022-05-28T08:07:11.258Z] >>> [apiv2][query] GET https://firebase-public.firebaseio.com/cli.json [none]
[debug] [2022-05-28T08:07:11.457Z] > command requires scopes: ["email","openid","https://www.googleapis.com/auth/cloudplatformprojects.readonly","https://www.googleapis.com/auth/firebase","https://www.googleapis.com/auth/cloud-platform"]
[debug] [2022-05-28T08:07:11.457Z] > authorizing via signed-in user (mubarakchemistcu18@gmail.com)
[info] 
     ######## #### ########  ######## ########     ###     ######  ########
     ##        ##  ##     ## ##       ##     ##  ##   ##  ##       ##
     ######    ##  ########  ######   ########  #########  ######  ######
     ##        ##  ##    ##  ##       ##     ## ##     ##       ## ##
     ##       #### ##     ## ######## ########  ##     ##  ######  ########

You're about to initialize a Firebase project in this directory:

  C:\progects\friends-forever

Before we get started, keep in mind:

  * You are currently outside your home directory
  * You are initializing within an existing Firebase project directory

[debug] [2022-05-28T08:07:12.406Z] <<< [apiv2][status] GET https://firebase-public.firebaseio.com/cli.json 200
[debug] [2022-05-28T08:07:12.406Z] <<< [apiv2][body] GET https://firebase-public.firebaseio.com/cli.json {"cloudBuildErrorAfter":1594252800000,"cloudBuildWarnAfter":1590019200000,"defaultNode10After":1594252800000,"minVersion":"3.0.5","node8DeploysDisabledAfter":1613390400000,"node8RuntimeDisabledAfter":1615809600000,"node8WarnAfter":1600128000000}
[info] 
=== Project Setup
[info] 
[info] First, let's associate this project directory with a Firebase project.
[info] You can create multiple project aliases by running firebase use --add, 
[info] but for now we'll just set up a default project.
[info] 
[debug] [2022-05-28T08:12:02.315Z] Using project from CLI flag: friends-forever-31234
[debug] [2022-05-28T08:12:02.322Z] > refreshing access token with scopes: []
[debug] [2022-05-28T08:12:02.325Z] >>> HTTP REQUEST POST https://www.googleapis.com/oauth2/v3/token  
 <request body omitted>
[debug] [2022-05-28T08:12:02.373Z] Authentication Error: Your credentials are no longer valid. Please run firebase login --reauth

For CI servers and headless environments, generate a new token with firebase login:ci
[debug] [2022-05-28T08:12:02.391Z] FirebaseError: Authentication Error: Your credentials are no longer valid. Please run firebase login --reauth

For CI servers and headless environments, generate a new token with firebase login:ci
    at invalidCredentialError (C:\Users\user\AppData\Roaming\npm\node_modules\firebase-tools\lib\auth.js:145:12)
    at refreshTokens (C:\Users\user\AppData\Roaming\npm\node_modules\firebase-tools\lib\auth.js:485:15)
    at processTicksAndRejections (node:internal/process/task_queues:96:5)
    at async Client.getAccessToken (C:\Users\user\AppData\Roaming\npm\node_modules\firebase-tools\lib\apiv2.js:147:23)
    at async Client.addAuthHeader (C:\Users\user\AppData\Roaming\npm\node_modules\firebase-tools\lib\apiv2.js:138:21)
    at async Client.request (C:\Users\user\AppData\Roaming\npm\node_modules\firebase-tools\lib\apiv2.js:94:34)
    at async getFirebaseProject (C:\Users\user\AppData\Roaming\npm\node_modules\firebase-tools\lib\management\projects.js:296:21)
    at async doSetup (C:\Users\user\AppData\Roaming\npm\node_modules\firebase-tools\lib\init\features\project.js:85:27)
    at async init (C:\Users\user\AppData\Roaming\npm\node_modules\firebase-tools\lib\init\index.js:36:9)
[error] 
[error] Error: Failed to get Firebase project friends-forever-31234. Please make sure the project exists and your account has permission to access it.
